%!Adobe-FontList 1.18
%Locale:0x416

%BeginFont
Handler:DirectoryHandler
FontType:TrueType
FontName:Spaceman
FamilyName:spaceman
StyleName:Regular
FullName:spaceman
MenuName:spaceman
StyleBits:0
WritingScript:Roman
OutlineFileName:C:\Users\Lucas\Desktop\Pojetos\JavaScript - Mobile Game\#1 The Amazing Looperman\Font\SPACEMAN.TTF
DataFormat:sfntData
hasSVG:no
FileLength:10296
FileModTime:1120214726
WeightClass:400
WidthClass:5
AngleClass:0
NameArray:0,Mac,4,spaceman
NameArray:0,Win,1,spaceman
%EndFont

